#-----------------------------------------------------------
# Vivado v2018.1 (64-bit)
# SW Build 2188600 on Wed Apr  4 18:40:38 MDT 2018
# IP Build 2185939 on Wed Apr  4 20:55:05 MDT 2018
# Start of session at: Thu Jun  8 21:00:00 2023
# Process ID: 24916
# Current directory: C:/Users/A.SUBAVARSHANA/Desktop/Lab_9-10
# Command line: vivado.exe -gui_launcher_event rodinguilauncherevent2524 C:\Users\A.SUBAVARSHANA\Desktop\Lab_9-10\Lab_9-10.xpr
# Log file: C:/Users/A.SUBAVARSHANA/Desktop/Lab_9-10/vivado.log
# Journal file: C:/Users/A.SUBAVARSHANA/Desktop/Lab_9-10\vivado.jou
#-----------------------------------------------------------
start_gui
open_project C:/Users/A.SUBAVARSHANA/Desktop/Lab_9-10/Lab_9-10.xpr
Scanning sources...
Finished scanning sources
INFO: [IP_Flow 19-234] Refreshing IP repositories
INFO: [IP_Flow 19-1704] No user IP repositories specified
INFO: [IP_Flow 19-2313] Loaded Vivado IP repository 'C:/Xilinx/Vivado/2018.1/data/ip'.
open_project: Time (s): cpu = 00:00:06 ; elapsed = 00:00:07 . Memory (MB): peak = 876.297 ; gain = 137.520
update_compile_order -fileset sources_1
open_run impl_1
INFO: [Netlist 29-17] Analyzing 10 Unisim elements for replacement
INFO: [Netlist 29-28] Unisim Transformation completed in 0 CPU seconds
INFO: [Project 1-479] Netlist was created with Vivado 2018.1
INFO: [Device 21-403] Loading part xc7a35tcpg236-1
INFO: [Project 1-570] Preparing netlist for logic optimization
INFO: [Timing 38-478] Restoring timing data from binary archive.
INFO: [Common 17-41] Interrupt caught. Command should exit soon.
INFO: [Timing 38-479] Binary timing data restore complete.
INFO: [Project 1-856] Restoring constraints from binary archive.
INFO: [Project 1-853] Binary constraint restore complete.
Reading XDEF placement.
Reading placer database...
Reading XDEF routing.
Restored from archive | CPU: 0.000000 secs | Memory: 0.000000 MB |
Finished XDEF File Restore: Time (s): cpu = 00:00:00 ; elapsed = 00:00:00.025 . Memory (MB): peak = 1700.957 ; gain = 0.000
open_run: Time (s): cpu = 00:00:18 ; elapsed = 00:00:23 . Memory (MB): peak = 1710.840 ; gain = 806.195
INFO: [Common 17-344] 'open_run' was cancelled
reset_run impl_1
launch_runs impl_1 -jobs 8
[Thu Jun  8 21:01:30 2023] Launched impl_1...
Run output will be captured here: C:/Users/A.SUBAVARSHANA/Desktop/Lab_9-10/Lab_9-10.runs/impl_1/runme.log
open_run impl_1
INFO: [Netlist 29-17] Analyzing 10 Unisim elements for replacement
INFO: [Netlist 29-28] Unisim Transformation completed in 0 CPU seconds
INFO: [Project 1-479] Netlist was created with Vivado 2018.1
INFO: [Project 1-570] Preparing netlist for logic optimization
INFO: [Timing 38-478] Restoring timing data from binary archive.
INFO: [Timing 38-479] Binary timing data restore complete.
INFO: [Project 1-856] Restoring constraints from binary archive.
INFO: [Project 1-853] Binary constraint restore complete.
Reading XDEF placement.
Reading placer database...
Reading XDEF routing.
Read XDEF File: Time (s): cpu = 00:00:00 ; elapsed = 00:00:00.040 . Memory (MB): peak = 1715.098 ; gain = 0.000
Restored from archive | CPU: 0.000000 secs | Memory: 0.000000 MB |
Finished XDEF File Restore: Time (s): cpu = 00:00:00 ; elapsed = 00:00:00.040 . Memory (MB): peak = 1715.098 ; gain = 0.000
INFO: [Project 1-111] Unisim Transformation Summary:
No Unisim elements were transformed.

report_power -name {power_1}
Command: report_power -name power_1
Running Vector-less Activity Propagation...

Finished Running Vector-less Activity Propagation
0 Infos, 0 Warnings, 0 Critical Warnings and 0 Errors encountered.
report_power completed successfully
report_utilization -name utilization_1
report_utilization: Time (s): cpu = 00:00:03 ; elapsed = 00:00:02 . Memory (MB): peak = 1851.309 ; gain = 0.000
report_utilization -name utilization_1
report_utilization: Time (s): cpu = 00:00:02 ; elapsed = 00:00:02 . Memory (MB): peak = 1851.309 ; gain = 0.000
exit
INFO: [Common 17-206] Exiting Vivado at Thu Jun  8 21:06:43 2023...
