#-----------------------------------------------------------
# Vivado v2018.1 (64-bit)
# SW Build 2188600 on Wed Apr  4 18:40:38 MDT 2018
# IP Build 2185939 on Wed Apr  4 20:55:05 MDT 2018
# Start of session at: Thu Jun  8 18:14:39 2023
# Process ID: 27376
# Current directory: C:/Users/A.SUBAVARSHANA/Desktop/Lab_9-10
# Command line: vivado.exe -gui_launcher_event rodinguilauncherevent12420 C:\Users\A.SUBAVARSHANA\Desktop\Lab_9-10\Lab_9-10.xpr
# Log file: C:/Users/A.SUBAVARSHANA/Desktop/Lab_9-10/vivado.log
# Journal file: C:/Users/A.SUBAVARSHANA/Desktop/Lab_9-10\vivado.jou
#-----------------------------------------------------------
start_gui
open_project C:/Users/A.SUBAVARSHANA/Desktop/Lab_9-10/Lab_9-10.xpr
Scanning sources...
Finished scanning sources
INFO: [IP_Flow 19-234] Refreshing IP repositories
INFO: [IP_Flow 19-1704] No user IP repositories specified
INFO: [IP_Flow 19-2313] Loaded Vivado IP repository 'C:/Xilinx/Vivado/2018.1/data/ip'.
open_project: Time (s): cpu = 00:00:06 ; elapsed = 00:00:06 . Memory (MB): peak = 888.391 ; gain = 158.113
update_compile_order -fileset sources_1
open_hw
connect_hw_server
INFO: [Labtools 27-2285] Connecting to hw_server url TCP:localhost:3121
INFO: [Labtools 27-2222] Launching hw_server...
INFO: [Labtools 27-2221] Launch Output:

****** Xilinx hw_server v2018.1
  **** Build date : Apr  4 2018-19:32:53
    ** Copyright 1986-2018 Xilinx, Inc. All Rights Reserved.


exit
INFO: [Common 17-206] Exiting Vivado at Thu Jun  8 18:18:11 2023...
