#-----------------------------------------------------------
# Vivado v2018.1 (64-bit)
# SW Build 2188600 on Wed Apr  4 18:40:38 MDT 2018
# IP Build 2185939 on Wed Apr  4 20:55:05 MDT 2018
# Start of session at: Sat Jun 10 20:25:18 2023
# Process ID: 28400
# Current directory: C:/Users/A.SUBAVARSHANA/Desktop/Lab_9-10
# Command line: vivado.exe -gui_launcher_event rodinguilauncherevent6252 C:\Users\A.SUBAVARSHANA\Desktop\Lab_9-10\Lab_9-10.xpr
# Log file: C:/Users/A.SUBAVARSHANA/Desktop/Lab_9-10/vivado.log
# Journal file: C:/Users/A.SUBAVARSHANA/Desktop/Lab_9-10\vivado.jou
#-----------------------------------------------------------
start_gui
open_project C:/Users/A.SUBAVARSHANA/Desktop/Lab_9-10/Lab_9-10.xpr
Scanning sources...
Finished scanning sources
INFO: [IP_Flow 19-234] Refreshing IP repositories
INFO: [IP_Flow 19-1704] No user IP repositories specified
INFO: [IP_Flow 19-2313] Loaded Vivado IP repository 'C:/Xilinx/Vivado/2018.1/data/ip'.
open_project: Time (s): cpu = 00:00:05 ; elapsed = 00:00:06 . Memory (MB): peak = 889.738 ; gain = 147.508
update_compile_order -fileset sources_1
exit
INFO: [Common 17-206] Exiting Vivado at Sat Jun 10 20:31:18 2023...
